2022-07-05 17:20:16,242 INFO o.a.j.u.JMeterUtils: Setting Locale to en_EN
2022-07-05 17:20:16,273 INFO o.a.j.JMeter: Loading user properties from: C:\JMeter\apache-jmeter-5.4.3\bin\user.properties
2022-07-05 17:20:16,291 INFO o.a.j.JMeter: Loading system properties from: C:\JMeter\apache-jmeter-5.4.3\bin\system.properties
2022-07-05 17:20:16,297 INFO o.a.j.JMeter: Copyright (c) 1998-2021 The Apache Software Foundation
2022-07-05 17:20:16,297 INFO o.a.j.JMeter: Version 5.4.3
2022-07-05 17:20:16,297 INFO o.a.j.JMeter: java.version=11.0.15
2022-07-05 17:20:16,297 INFO o.a.j.JMeter: java.vm.name=Java HotSpot(TM) 64-Bit Server VM
2022-07-05 17:20:16,298 INFO o.a.j.JMeter: os.name=Windows 10
2022-07-05 17:20:16,298 INFO o.a.j.JMeter: os.arch=amd64
2022-07-05 17:20:16,298 INFO o.a.j.JMeter: os.version=10.0
2022-07-05 17:20:16,298 INFO o.a.j.JMeter: file.encoding=Cp1252
2022-07-05 17:20:16,298 INFO o.a.j.JMeter: java.awt.headless=null
2022-07-05 17:20:16,298 INFO o.a.j.JMeter: Max memory     =1073741824
2022-07-05 17:20:16,298 INFO o.a.j.JMeter: Available Processors =8
2022-07-05 17:20:16,307 INFO o.a.j.JMeter: Default Locale=English (EN)
2022-07-05 17:20:16,307 INFO o.a.j.JMeter: JMeter  Locale=English (EN)
2022-07-05 17:20:16,307 INFO o.a.j.JMeter: JMeterHome=C:\JMeter\apache-jmeter-5.4.3
2022-07-05 17:20:16,307 INFO o.a.j.JMeter: user.dir  =C:\github\sebi\tec-agency
2022-07-05 17:20:16,308 INFO o.a.j.JMeter: PWD       =C:\github\sebi\tec-agency
2022-07-05 17:20:16,309 INFO o.a.j.JMeter: IP: 172.24.16.1 Name: EN1410269 FullName: EN1410269.mshome.net
2022-07-05 17:20:16,443 INFO o.a.j.JMeter: Setting LAF to: laf:javax.swing.plaf.metal.MetalLookAndFeel
2022-07-05 17:20:16,570 INFO o.a.j.JMeter: Loaded icon properties from org/apache/jmeter/images/icon.properties
2022-07-05 17:20:18,621 INFO o.a.j.JMeter: Loading file: tecagency.jmx
2022-07-05 17:20:18,622 INFO o.a.j.s.FileServer: Default base='C:\github\sebi\tec-agency'
2022-07-05 17:20:18,622 INFO o.a.j.s.FileServer: Set new base='C:\github\sebi\tec-agency'
2022-07-05 17:20:18,857 INFO o.a.j.s.SaveService: Testplan (JMX) version: 2.2. Testlog (JTL) version: 2.2
2022-07-05 17:20:18,875 INFO o.a.j.s.SaveService: Using SaveService properties version 5.0
2022-07-05 17:20:18,875 INFO o.a.j.s.SaveService: Using SaveService properties file encoding UTF-8
2022-07-05 17:20:18,875 INFO o.a.j.s.SaveService: Loading file: tecagency.jmx
2022-07-05 17:20:18,907 INFO o.j.r.JARSourceHTTP: Found cached repo
2022-07-05 17:20:19,076 INFO o.a.j.p.h.s.HTTPSamplerBase: Parser for text/html is org.apache.jmeter.protocol.http.parser.LagartoBasedHtmlParser
2022-07-05 17:20:19,076 INFO o.a.j.p.h.s.HTTPSamplerBase: Parser for application/xhtml+xml is org.apache.jmeter.protocol.http.parser.LagartoBasedHtmlParser
2022-07-05 17:20:19,076 INFO o.a.j.p.h.s.HTTPSamplerBase: Parser for application/xml is org.apache.jmeter.protocol.http.parser.LagartoBasedHtmlParser
2022-07-05 17:20:19,076 INFO o.a.j.p.h.s.HTTPSamplerBase: Parser for text/xml is org.apache.jmeter.protocol.http.parser.LagartoBasedHtmlParser
2022-07-05 17:20:19,076 INFO o.a.j.p.h.s.HTTPSamplerBase: Parser for text/vnd.wap.wml is org.apache.jmeter.protocol.http.parser.RegexpHTMLParser
2022-07-05 17:20:19,076 INFO o.a.j.p.h.s.HTTPSamplerBase: Parser for text/css is org.apache.jmeter.protocol.http.parser.CssParser
2022-07-05 17:20:19,107 INFO o.j.r.PluginManager: Plugins Status: [jpgc-dummy=0.4, jpgc-fifo=0.2, jpgc-plugins-manager=1.7, jmeter-core=5.4.3, jmeter-ftp=5.4.3, jmeter-http=5.4.3, jmeter-jdbc=5.4.3, jmeter-jms=5.4.3, jmeter-junit=5.4.3, jmeter-java=5.4.3, jmeter-ldap=5.4.3, jmeter-mail=5.4.3, jmeter-mongodb=5.4.3, jmeter-native=5.4.3, jmeter-tcp=5.4.3, jmeter-components=5.4.3]
2022-07-05 17:20:19,194 INFO o.a.j.s.FileServer: Set new base='C:\github\sebi\tec-agency'
2022-07-05 17:20:19,903 INFO o.a.j.s.SampleResult: Note: Sample TimeStamps are START times
2022-07-05 17:20:19,903 INFO o.a.j.s.SampleResult: sampleresult.default.encoding is set to ISO-8859-1
2022-07-05 17:20:19,903 INFO o.a.j.s.SampleResult: sampleresult.useNanoTime=true
2022-07-05 17:20:19,904 INFO o.a.j.s.SampleResult: sampleresult.nanoThreadSleep=5000
2022-07-05 17:20:20,091 INFO o.a.j.v.ViewResultsFullVisualizer: Add JavaFX to your Java installation if you want to use renderer: org.apache.jmeter.visualizers.RenderInBrowser
2022-07-05 17:20:20,267 INFO o.a.j.v.ViewResultsFullVisualizer: Add JavaFX to your Java installation if you want to use renderer: org.apache.jmeter.visualizers.RenderInBrowser
2022-07-05 17:20:20,436 INFO o.a.j.v.ViewResultsFullVisualizer: Add JavaFX to your Java installation if you want to use renderer: org.apache.jmeter.visualizers.RenderInBrowser
2022-07-05 17:20:25,602 INFO o.a.j.e.StandardJMeterEngine: Running the test!
2022-07-05 17:20:25,603 INFO o.a.j.s.SampleEvent: List of sample_variables: []
2022-07-05 17:20:25,603 INFO o.a.j.s.SampleEvent: List of sample_variables: []
2022-07-05 17:20:25,604 INFO o.a.j.e.u.CompoundVariable: Note: Function class names must contain the string: '.functions.'
2022-07-05 17:20:25,605 INFO o.a.j.e.u.CompoundVariable: Note: Function class names must not contain the string: '.gui.'
2022-07-05 17:20:25,833 INFO o.a.j.g.u.JMeterMenuBar: setRunning(true, *local*)
2022-07-05 17:20:25,876 INFO o.a.j.e.StandardJMeterEngine: Starting ThreadGroup: 1 : scraper
2022-07-05 17:20:25,876 INFO o.a.j.e.StandardJMeterEngine: Starting 1 threads for group scraper.
2022-07-05 17:20:25,876 INFO o.a.j.e.StandardJMeterEngine: Thread will continue on error
2022-07-05 17:20:25,876 INFO o.a.j.t.ThreadGroup: Starting thread group... number=1 threads=1 ramp-up=1 delayedStart=false
2022-07-05 17:20:25,876 INFO o.a.j.t.ThreadGroup: Started thread group number 1
2022-07-05 17:20:25,876 INFO o.a.j.e.StandardJMeterEngine: All thread groups have been started
2022-07-05 17:20:25,876 INFO o.a.j.t.JMeterThread: Thread started: scraper 1-1
2022-07-05 17:20:25,886 INFO o.a.j.p.h.s.HTTPHCAbstractImpl: Local host = EN1410269
2022-07-05 17:20:25,886 INFO o.a.j.p.h.s.HTTPHC4Impl: HTTP request retry count = 0
2022-07-05 17:20:26,067 INFO o.a.j.p.h.s.h.LazyLayeredConnectionSocketFactory: Setting up HTTPS TrustAll Socket Factory
2022-07-05 17:20:26,076 INFO o.a.j.u.JsseSSLManager: Using default SSL protocol: TLS
2022-07-05 17:20:26,076 INFO o.a.j.u.JsseSSLManager: SSL session context: per-thread
2022-07-05 17:20:26,132 INFO o.a.j.u.SSLManager: JmeterKeyStore Location:  type JKS
2022-07-05 17:20:26,133 INFO o.a.j.u.SSLManager: KeyStore created OK
2022-07-05 17:20:26,133 WARN o.a.j.u.SSLManager: Keystore file not found, loading empty keystore
2022-07-05 17:20:27,837 INFO o.a.j.t.JMeterThread: Thread is done: scraper 1-1
2022-07-05 17:20:27,837 INFO o.a.j.t.JMeterThread: Thread finished: scraper 1-1
2022-07-05 17:20:27,839 INFO o.a.j.e.StandardJMeterEngine: Notifying test listeners of end of test
2022-07-05 17:20:27,839 INFO o.a.j.g.u.JMeterMenuBar: setRunning(false, *local*)
2022-07-05 17:20:35,957 INFO o.a.j.v.ViewResultsFullVisualizer: Add JavaFX to your Java installation if you want to use renderer: org.apache.jmeter.visualizers.RenderInBrowser
2022-07-05 17:20:35,995 INFO o.a.j.g.a.Load: Loading file: C:\github\sebi\tec-agency\tecagency.jmx
2022-07-05 17:20:35,995 INFO o.a.j.s.FileServer: Set new base='C:\github\sebi\tec-agency'
2022-07-05 17:20:35,995 INFO o.a.j.s.SaveService: Loading file: C:\github\sebi\tec-agency\tecagency.jmx
2022-07-05 17:20:36,042 INFO o.a.j.v.ViewResultsFullVisualizer: Add JavaFX to your Java installation if you want to use renderer: org.apache.jmeter.visualizers.RenderInBrowser
2022-07-05 17:20:36,097 INFO o.a.j.v.ViewResultsFullVisualizer: Add JavaFX to your Java installation if you want to use renderer: org.apache.jmeter.visualizers.RenderInBrowser
2022-07-05 17:20:36,162 INFO o.a.j.v.ViewResultsFullVisualizer: Add JavaFX to your Java installation if you want to use renderer: org.apache.jmeter.visualizers.RenderInBrowser
2022-07-05 17:20:36,195 INFO o.a.j.s.FileServer: Set new base='C:\github\sebi\tec-agency'
2022-07-05 17:20:40,941 INFO o.a.j.e.StandardJMeterEngine: Running the test!
2022-07-05 17:20:40,941 INFO o.a.j.s.SampleEvent: List of sample_variables: []
2022-07-05 17:20:40,943 INFO o.a.j.g.u.JMeterMenuBar: setRunning(true, *local*)
2022-07-05 17:20:40,994 INFO o.a.j.e.StandardJMeterEngine: Starting ThreadGroup: 1 : scraper
2022-07-05 17:20:40,995 INFO o.a.j.e.StandardJMeterEngine: Starting 1 threads for group scraper.
2022-07-05 17:20:40,995 INFO o.a.j.e.StandardJMeterEngine: Thread will continue on error
2022-07-05 17:20:40,995 INFO o.a.j.t.ThreadGroup: Starting thread group... number=1 threads=1 ramp-up=1 delayedStart=false
2022-07-05 17:20:40,996 INFO o.a.j.t.ThreadGroup: Started thread group number 1
2022-07-05 17:20:40,996 INFO o.a.j.e.StandardJMeterEngine: All thread groups have been started
2022-07-05 17:20:40,997 INFO o.a.j.t.JMeterThread: Thread started: scraper 1-1
2022-07-05 17:20:41,704 INFO o.a.j.t.JMeterThread: Thread is done: scraper 1-1
2022-07-05 17:20:41,705 INFO o.a.j.t.JMeterThread: Thread finished: scraper 1-1
2022-07-05 17:20:41,708 INFO o.a.j.e.StandardJMeterEngine: Notifying test listeners of end of test
2022-07-05 17:20:41,708 INFO o.a.j.g.u.JMeterMenuBar: setRunning(false, *local*)
2022-07-05 17:21:37,383 INFO o.a.j.v.ViewResultsFullVisualizer: Add JavaFX to your Java installation if you want to use renderer: org.apache.jmeter.visualizers.RenderInBrowser
2022-07-05 17:21:37,403 INFO o.a.j.g.a.Load: Loading file: C:\github\sebi\tec-agency\tecagency_v3.jmx
2022-07-05 17:21:37,403 INFO o.a.j.s.FileServer: Set new base='C:\github\sebi\tec-agency'
2022-07-05 17:21:37,403 INFO o.a.j.s.SaveService: Loading file: C:\github\sebi\tec-agency\tecagency_v3.jmx
2022-07-05 17:21:37,453 INFO o.a.j.v.ViewResultsFullVisualizer: Add JavaFX to your Java installation if you want to use renderer: org.apache.jmeter.visualizers.RenderInBrowser
2022-07-05 17:21:37,508 INFO o.a.j.v.ViewResultsFullVisualizer: Add JavaFX to your Java installation if you want to use renderer: org.apache.jmeter.visualizers.RenderInBrowser
2022-07-05 17:21:37,570 INFO o.a.j.v.ViewResultsFullVisualizer: Add JavaFX to your Java installation if you want to use renderer: org.apache.jmeter.visualizers.RenderInBrowser
2022-07-05 17:21:37,603 INFO o.a.j.s.FileServer: Set new base='C:\github\sebi\tec-agency'
2022-07-05 17:21:41,819 INFO o.a.j.e.StandardJMeterEngine: Running the test!
2022-07-05 17:21:41,819 INFO o.a.j.s.SampleEvent: List of sample_variables: []
2022-07-05 17:21:41,820 INFO o.a.j.g.u.JMeterMenuBar: setRunning(true, *local*)
2022-07-05 17:21:41,870 INFO o.a.j.e.StandardJMeterEngine: Starting ThreadGroup: 1 : scraper
2022-07-05 17:21:41,870 INFO o.a.j.e.StandardJMeterEngine: Starting 1 threads for group scraper.
2022-07-05 17:21:41,870 INFO o.a.j.e.StandardJMeterEngine: Thread will continue on error
2022-07-05 17:21:41,870 INFO o.a.j.t.ThreadGroup: Starting thread group... number=1 threads=1 ramp-up=1 delayedStart=false
2022-07-05 17:21:41,871 INFO o.a.j.t.ThreadGroup: Started thread group number 1
2022-07-05 17:21:41,872 INFO o.a.j.e.StandardJMeterEngine: All thread groups have been started
2022-07-05 17:21:41,872 INFO o.a.j.t.JMeterThread: Thread started: scraper 1-1
2022-07-05 17:21:42,793 INFO o.a.j.t.JMeterThread: Thread is done: scraper 1-1
2022-07-05 17:21:42,793 INFO o.a.j.t.JMeterThread: Thread finished: scraper 1-1
2022-07-05 17:21:42,794 INFO o.a.j.e.StandardJMeterEngine: Notifying test listeners of end of test
2022-07-05 17:21:42,794 INFO o.a.j.g.u.JMeterMenuBar: setRunning(false, *local*)
2022-07-05 17:22:37,249 INFO o.a.j.e.StandardJMeterEngine: Running the test!
2022-07-05 17:22:37,249 INFO o.a.j.s.SampleEvent: List of sample_variables: []
2022-07-05 17:22:37,249 INFO o.a.j.g.u.JMeterMenuBar: setRunning(true, *local*)
2022-07-05 17:22:37,300 INFO o.a.j.e.StandardJMeterEngine: Starting ThreadGroup: 1 : scraper
2022-07-05 17:22:37,300 INFO o.a.j.e.StandardJMeterEngine: Starting 1 threads for group scraper.
2022-07-05 17:22:37,300 INFO o.a.j.e.StandardJMeterEngine: Thread will continue on error
2022-07-05 17:22:37,300 INFO o.a.j.t.ThreadGroup: Starting thread group... number=1 threads=1 ramp-up=1 delayedStart=false
2022-07-05 17:22:37,301 INFO o.a.j.t.ThreadGroup: Started thread group number 1
2022-07-05 17:22:37,301 INFO o.a.j.e.StandardJMeterEngine: All thread groups have been started
2022-07-05 17:22:37,301 INFO o.a.j.t.JMeterThread: Thread started: scraper 1-1
2022-07-05 17:22:38,161 INFO o.a.j.t.JMeterThread: Thread is done: scraper 1-1
2022-07-05 17:22:38,161 INFO o.a.j.t.JMeterThread: Thread finished: scraper 1-1
2022-07-05 17:22:38,163 INFO o.a.j.e.StandardJMeterEngine: Notifying test listeners of end of test
2022-07-05 17:22:38,163 INFO o.a.j.g.u.JMeterMenuBar: setRunning(false, *local*)
2022-07-05 17:25:41,144 INFO o.a.j.v.ViewResultsFullVisualizer: Add JavaFX to your Java installation if you want to use renderer: org.apache.jmeter.visualizers.RenderInBrowser
2022-07-05 17:25:41,172 INFO o.a.j.g.a.Load: Loading file: C:\github\sebi\tec-agency\tecagency.jmx
2022-07-05 17:25:41,172 INFO o.a.j.s.FileServer: Set new base='C:\github\sebi\tec-agency'
2022-07-05 17:25:41,172 INFO o.a.j.s.SaveService: Loading file: C:\github\sebi\tec-agency\tecagency.jmx
2022-07-05 17:25:41,220 INFO o.a.j.v.ViewResultsFullVisualizer: Add JavaFX to your Java installation if you want to use renderer: org.apache.jmeter.visualizers.RenderInBrowser
2022-07-05 17:25:41,255 INFO o.a.j.v.ViewResultsFullVisualizer: Add JavaFX to your Java installation if you want to use renderer: org.apache.jmeter.visualizers.RenderInBrowser
2022-07-05 17:25:41,306 INFO o.a.j.v.ViewResultsFullVisualizer: Add JavaFX to your Java installation if you want to use renderer: org.apache.jmeter.visualizers.RenderInBrowser
2022-07-05 17:25:41,333 INFO o.a.j.s.FileServer: Set new base='C:\github\sebi\tec-agency'
2022-07-05 17:25:55,721 INFO o.a.j.e.StandardJMeterEngine: Running the test!
2022-07-05 17:25:55,721 INFO o.a.j.s.SampleEvent: List of sample_variables: []
2022-07-05 17:25:55,722 INFO o.a.j.g.u.JMeterMenuBar: setRunning(true, *local*)
2022-07-05 17:25:55,771 INFO o.a.j.e.StandardJMeterEngine: Starting ThreadGroup: 1 : scraper
2022-07-05 17:25:55,771 INFO o.a.j.e.StandardJMeterEngine: Starting 1 threads for group scraper.
2022-07-05 17:25:55,771 INFO o.a.j.e.StandardJMeterEngine: Thread will continue on error
2022-07-05 17:25:55,771 INFO o.a.j.t.ThreadGroup: Starting thread group... number=1 threads=1 ramp-up=1 delayedStart=false
2022-07-05 17:25:55,772 INFO o.a.j.t.ThreadGroup: Started thread group number 1
2022-07-05 17:25:55,772 INFO o.a.j.e.StandardJMeterEngine: All thread groups have been started
2022-07-05 17:25:55,772 INFO o.a.j.t.JMeterThread: Thread started: scraper 1-1
2022-07-05 17:25:56,605 INFO o.a.j.t.JMeterThread: Thread is done: scraper 1-1
2022-07-05 17:25:56,605 INFO o.a.j.t.JMeterThread: Thread finished: scraper 1-1
2022-07-05 17:25:56,605 INFO o.a.j.e.StandardJMeterEngine: Notifying test listeners of end of test
2022-07-05 17:25:56,605 INFO o.a.j.g.u.JMeterMenuBar: setRunning(false, *local*)
2022-07-05 17:32:07,284 INFO o.a.j.g.a.Load: Loading file: C:\github\sebi\tec-agency\tecagency_v3.jmx
2022-07-05 17:32:07,284 INFO o.a.j.s.FileServer: Set new base='C:\github\sebi\tec-agency'
2022-07-05 17:32:07,284 INFO o.a.j.s.SaveService: Loading file: C:\github\sebi\tec-agency\tecagency_v3.jmx
2022-07-05 17:32:07,330 INFO o.a.j.v.ViewResultsFullVisualizer: Add JavaFX to your Java installation if you want to use renderer: org.apache.jmeter.visualizers.RenderInBrowser
2022-07-05 17:32:07,359 INFO o.a.j.v.ViewResultsFullVisualizer: Add JavaFX to your Java installation if you want to use renderer: org.apache.jmeter.visualizers.RenderInBrowser
2022-07-05 17:32:07,402 INFO o.a.j.v.ViewResultsFullVisualizer: Add JavaFX to your Java installation if you want to use renderer: org.apache.jmeter.visualizers.RenderInBrowser
2022-07-05 17:32:07,443 INFO o.a.j.s.FileServer: Set new base='C:\github\sebi\tec-agency'
